[debug] [2018-12-10T15:16:55.070Z] ----------------------------------------------------------------------
[debug] [2018-12-10T15:16:55.074Z] Command:       C:\Program Files\nodejs\node.exe C:\Users\I331896\AppData\Roaming\npm\node_modules\firebase-tools\bin\firebase serve --only functions,hosting
[debug] [2018-12-10T15:16:55.074Z] CLI Version:   5.0.1
[debug] [2018-12-10T15:16:55.074Z] Platform:      win32
[debug] [2018-12-10T15:16:55.074Z] Node Version:  v10.10.0
[debug] [2018-12-10T15:16:55.081Z] Time:          Mon Dec 10 2018 20:46:55 GMT+0530 (India Standard Time)
[debug] [2018-12-10T15:16:55.081Z] ----------------------------------------------------------------------
[debug] 
[debug] [2018-12-10T15:16:55.112Z] > command requires scopes: ["email","openid","https://www.googleapis.com/auth/cloudplatformprojects.readonly","https://www.googleapis.com/auth/firebase","https://www.googleapis.com/auth/cloud-platform"]
[debug] [2018-12-10T15:16:55.116Z] > authorizing via signed-in user
[debug] [2018-12-10T15:16:55.116Z] [iam] checking project zypnos-70985 for permissions ["firebase.projects.get"]
[debug] [2018-12-10T15:16:55.121Z] > refreshing access token with scopes: ["email","https://www.googleapis.com/auth/cloud-platform","https://www.googleapis.com/auth/cloudplatformprojects.readonly","https://www.googleapis.com/auth/firebase","openid"]
[debug] [2018-12-10T15:16:55.121Z] >>> HTTP REQUEST POST https://www.googleapis.com/oauth2/v3/token  
 <request body omitted>
[debug] [2018-12-10T15:16:55.386Z] <<< HTTP RESPONSE 200
[debug] [2018-12-10T15:16:55.419Z] >>> HTTP REQUEST POST https://cloudresourcemanager.googleapis.com/v1/projects/zypnos-70985:testIamPermissions  

[debug] [2018-12-10T15:16:56.691Z] <<< HTTP RESPONSE 200
[debug] [2018-12-10T15:16:56.692Z] >>> HTTP REQUEST GET https://cloudresourcemanager.googleapis.com/v1/projects/zypnos-70985  
 
[debug] [2018-12-10T15:16:57.965Z] <<< HTTP RESPONSE 200
[info] 
[info] === Serving from 'C:\Firebase\ZypnosNewWeb'...
[info] 
[info] i  functions: Preparing to emulate functions.
[debug] [2018-12-10T15:17:00.581Z] Fetching environment
[debug] [2018-12-10T15:17:00.596Z] >>> HTTP REQUEST GET https://mobilesdk-pa.googleapis.com/v1/projects/1035587128080:getServerAppConfig  
 
[debug] [2018-12-10T15:17:00.597Z] >>> HTTP REQUEST GET https://mobilesdk-pa.googleapis.com/v1/projects/1035587128080/clients/_:getWebAppConfig  
 
[debug] [2018-12-10T15:17:01.018Z] <<< HTTP RESPONSE 200
[debug] [2018-12-10T15:17:01.019Z] Starting @google-cloud/functions-emulator
[debug] [2018-12-10T15:17:01.232Z] <<< HTTP RESPONSE 200
[info] i  hosting: Serving hosting files from: public
[info] +  hosting: Local server: http://localhost:5000
[debug] [2018-12-10T15:17:06.389Z] Parsing function triggers
[info] +  functions: app: http://localhost:5001/zypnos-70985/us-central1/app
